This is pdfTeX, Version 3.14159265-2.6-1.40.20 (TeX Live 2019/Debian) (preloaded format=pdflatex 2022.3.29)  19 APR 2022 18:34
entering extended mode
 restricted \write18 enabled.
 %&-line parsing enabled.
**visualiza.tex
(./visualiza.tex
LaTeX2e <2020-02-02> patch level 2
L3 programming layer <2020-02-14>
(/usr/share/texlive/texmf-dist/tex/latex/base/article.cls
Document Class: article 2019/12/20 v1.4l Standard LaTeX document class
(/usr/share/texlive/texmf-dist/tex/latex/base/size10.clo
File: size10.clo 2019/12/20 v1.4l Standard LaTeX file (size option)
)
\c@part=\count167
\c@section=\count168
\c@subsection=\count169
\c@subsubsection=\count170
\c@paragraph=\count171
\c@subparagraph=\count172
\c@figure=\count173
\c@table=\count174
\abovecaptionskip=\skip47
\belowcaptionskip=\skip48
\bibindent=\dimen134
)
(/usr/share/texlive/texmf-dist/tex/latex/graphics/graphicx.sty
Package: graphicx 2019/11/30 v1.2a Enhanced LaTeX Graphics (DPC,SPQR)

(/usr/share/texlive/texmf-dist/tex/latex/graphics/keyval.sty
Package: keyval 2014/10/28 v1.15 key=value parser (DPC)
\KV@toks@=\toks14
)
(/usr/share/texlive/texmf-dist/tex/latex/graphics/graphics.sty
Package: graphics 2019/11/30 v1.4a Standard LaTeX Graphics (DPC,SPQR)

(/usr/share/texlive/texmf-dist/tex/latex/graphics/trig.sty
Package: trig 2016/01/03 v1.10 sin cos tan (DPC)
)
(/usr/share/texlive/texmf-dist/tex/latex/graphics-cfg/graphics.cfg
File: graphics.cfg 2016/06/04 v1.11 sample graphics configuration
)
Package graphics Info: Driver file: pdftex.def on input line 105.

(/usr/share/texlive/texmf-dist/tex/latex/graphics-def/pdftex.def
File: pdftex.def 2018/01/08 v1.0l Graphics/color driver for pdftex
))
\Gin@req@height=\dimen135
\Gin@req@width=\dimen136
)
(/usr/share/texlive/texmf-dist/tex/latex/caption/subcaption.sty
Package: subcaption 2020/01/22 v1.3d Sub-captions (AR)

(/usr/share/texlive/texmf-dist/tex/latex/caption/caption.sty
Package: caption 2020/01/03 v3.4h Customizing captions (AR)

(/usr/share/texlive/texmf-dist/tex/latex/caption/caption3.sty
Package: caption3 2020/01/03 v1.8h caption3 kernel (AR)
Package caption3 Info: TeX engine: e-TeX on input line 61.
\captionmargin=\dimen137
\captionmargin@=\dimen138
\captionwidth=\dimen139
\caption@tempdima=\dimen140
\caption@indent=\dimen141
\caption@parindent=\dimen142
\caption@hangindent=\dimen143
Package caption Info: Standard document class detected.
)
\c@caption@flags=\count175
\c@continuedfloat=\count176
)
\c@subfigure=\count177
\c@subtable=\count178
)
(/usr/share/texlive/texmf-dist/tex/latex/lipsum/lipsum.sty
(/usr/share/texlive/texmf-dist/tex/latex/l3kernel/expl3.sty
Package: expl3 2020-02-14 L3 programming layer (loader) 

(/usr/share/texlive/texmf-dist/tex/latex/l3backend/l3backend-pdfmode.def
File: l3backend-pdfmode.def 2020-02-03 L3 backend support: PDF mode
\l__kernel_color_stack_int=\count179
\l__pdf_internal_box=\box45
))
(/usr/share/texlive/texmf-dist/tex/latex/l3packages/xparse/xparse.sty
Package: xparse 2020-02-14 L3 Experimental document command parser
\l__xparse_current_arg_int=\count180
\g__xparse_grabber_int=\count181
\l__xparse_m_args_int=\count182
\l__xparse_v_nesting_int=\count183
)
Package: lipsum 2019/01/02 v2.2 150 paragraphs of Lorem Ipsum dummy text

(/usr/share/texlive/texmf-dist/tex/latex/lipsum/lipsum.ltd.tex
File: lipsum.ltd.tex 2019/01/02 v2.2 The Lorem ipsum dummy text
))
(/usr/share/texlive/texmf-dist/tex/latex/geometry/geometry.sty
Package: geometry 2020/01/02 v5.9 Page Geometry

(/usr/share/texlive/texmf-dist/tex/generic/iftex/ifvtex.sty
Package: ifvtex 2019/10/25 v1.7 ifvtex legacy package. Use iftex instead.

(/usr/share/texlive/texmf-dist/tex/generic/iftex/iftex.sty
Package: iftex 2019/11/07 v1.0c TeX engine tests
))
\Gm@cnth=\count184
\Gm@cntv=\count185
\c@Gm@tempcnt=\count186
\Gm@bindingoffset=\dimen144
\Gm@wd@mp=\dimen145
\Gm@odd@mp=\dimen146
\Gm@even@mp=\dimen147
\Gm@layoutwidth=\dimen148
\Gm@layoutheight=\dimen149
\Gm@layouthoffset=\dimen150
\Gm@layoutvoffset=\dimen151
\Gm@dimlist=\toks15
)
(/usr/share/texlive/texmf-dist/tex/latex/graphics/lscape.sty
Package: lscape 2000/10/22 v3.01 Landscape Pages (DPC)
) (./visualiza.aux)
\openout1 = `visualiza.aux'.

LaTeX Font Info:    Checking defaults for OML/cmm/m/it on input line 13.
LaTeX Font Info:    ... okay on input line 13.
LaTeX Font Info:    Checking defaults for OMS/cmsy/m/n on input line 13.
LaTeX Font Info:    ... okay on input line 13.
LaTeX Font Info:    Checking defaults for OT1/cmr/m/n on input line 13.
LaTeX Font Info:    ... okay on input line 13.
LaTeX Font Info:    Checking defaults for T1/cmr/m/n on input line 13.
LaTeX Font Info:    ... okay on input line 13.
LaTeX Font Info:    Checking defaults for TS1/cmr/m/n on input line 13.
LaTeX Font Info:    ... okay on input line 13.
LaTeX Font Info:    Checking defaults for OMX/cmex/m/n on input line 13.
LaTeX Font Info:    ... okay on input line 13.
LaTeX Font Info:    Checking defaults for U/cmr/m/n on input line 13.
LaTeX Font Info:    ... okay on input line 13.
(/usr/share/texlive/texmf-dist/tex/context/base/mkii/supp-pdf.mkii
[Loading MPS to PDF converter (version 2006.09.02).]
\scratchcounter=\count187
\scratchdimen=\dimen152
\scratchbox=\box46
\nofMPsegments=\count188
\nofMParguments=\count189
\everyMPshowfont=\toks16
\MPscratchCnt=\count190
\MPscratchDim=\dimen153
\MPnumerator=\count191
\makeMPintoPDFobject=\count192
\everyMPtoPDFconversion=\toks17
) (/usr/share/texlive/texmf-dist/tex/latex/epstopdf-pkg/epstopdf-base.sty
Package: epstopdf-base 2020-01-24 v2.11 Base part for package epstopdf
Package epstopdf-base Info: Redefining graphics rule for `.eps' on input line 4
85.

(/usr/share/texlive/texmf-dist/tex/latex/latexconfig/epstopdf-sys.cfg
File: epstopdf-sys.cfg 2010/07/13 v1.3 Configuration of (r)epstopdf for TeX Liv
e
))
Package caption Info: Begin \AtBeginDocument code.
Package caption Info: End \AtBeginDocument code.

*geometry* driver: auto-detecting
*geometry* detected driver: pdftex
*geometry* verbose mode - [ preamble ] result:
* driver: pdftex
* paper: a4paper
* layout: <same size as paper>
* layoutoffset:(h,v)=(0.0pt,0.0pt)
* modes: 
* h-part:(L,W,R)=(56.9055pt, 483.69684pt, 56.90553pt)
* v-part:(T,H,B)=(56.9055pt, 731.23582pt, 56.90552pt)
* \paperwidth=597.50787pt
* \paperheight=845.04684pt
* \textwidth=483.69684pt
* \textheight=731.23582pt
* \oddsidemargin=-15.36449pt
* \evensidemargin=-15.36449pt
* \topmargin=-52.36449pt
* \headheight=12.0pt
* \headsep=25.0pt
* \topskip=10.0pt
* \footskip=30.0pt
* \marginparwidth=4.0pt
* \marginparsep=10.0pt
* \columnsep=10.0pt
* \skip\footins=9.0pt plus 4.0pt minus 2.0pt
* \hoffset=0.0pt
* \voffset=0.0pt
* \mag=1000
* \@twocolumntrue
* \@twosidefalse
* \@mparswitchfalse
* \@reversemarginfalse
* (1in=72.27pt=25.4mm, 1cm=28.453pt)

Package epstopdf Info: Source file: <images/argentina_imputation.eps>
(epstopdf)                    date: 2022-04-19 18:34:20
(epstopdf)                    size: 14993 bytes
(epstopdf)             Output file: <images/argentina_imputation-eps-converted-
to.pdf>
(epstopdf)                    date: 2022-04-19 18:33:23
(epstopdf)                    size: 6492 bytes
(epstopdf)             Command: <repstopdf --outfile=images/argentina_imputatio
n-eps-converted-to.pdf images/argentina_imputation.eps>
(epstopdf)             \includegraphics on input line 20.
runsystem(repstopdf --outfile=images/argentina_imputation-eps-converted-to.pdf 
images/argentina_imputation.eps)...executed safely (allowed).

Package epstopdf Info: Result file: <images/argentina_imputation-eps-converted-
to.pdf>
(epstopdf)                    date: 2022-04-19 18:34:42
(epstopdf)                    size: 6577 bytes.
<images/argentina_imputation-eps-converted-to.pdf, id=1, 505.89pt x 505.89pt>
File: images/argentina_imputation-eps-converted-to.pdf Graphic file (type pdf)
<use images/argentina_imputation-eps-converted-to.pdf>
Package pdftex.def Info: images/argentina_imputation-eps-converted-to.pdf  used
 on input line 20.
(pdftex.def)             Requested size: 145.11052pt x 145.11417pt.
LaTeX Font Info:    External font `cmex10' loaded for size
(Font)              <7> on input line 21.
LaTeX Font Info:    External font `cmex10' loaded for size
(Font)              <5> on input line 21.
Package epstopdf Info: Source file: <images/bahamas_imputation.eps>
(epstopdf)                    date: 2022-04-19 18:34:20
(epstopdf)                    size: 14909 bytes
(epstopdf)             Output file: <images/bahamas_imputation-eps-converted-to
.pdf>
(epstopdf)                    date: 2022-04-19 18:33:23
(epstopdf)                    size: 6245 bytes
(epstopdf)             Command: <repstopdf --outfile=images/bahamas_imputation-
eps-converted-to.pdf images/bahamas_imputation.eps>
(epstopdf)             \includegraphics on input line 24.
runsystem(repstopdf --outfile=images/bahamas_imputation-eps-converted-to.pdf im
ages/bahamas_imputation.eps)...executed safely (allowed).

Package epstopdf Info: Result file: <images/bahamas_imputation-eps-converted-to
.pdf>
(epstopdf)                    date: 2022-04-19 18:34:42
(epstopdf)                    size: 6583 bytes.
<images/bahamas_imputation-eps-converted-to.pdf, id=2, 505.89pt x 505.89pt>
File: images/bahamas_imputation-eps-converted-to.pdf Graphic file (type pdf)
<use images/bahamas_imputation-eps-converted-to.pdf>
Package pdftex.def Info: images/bahamas_imputation-eps-converted-to.pdf  used o
n input line 24.
(pdftex.def)             Requested size: 145.11052pt x 145.11417pt.
Package epstopdf Info: Source file: <images/barbados_imputation.eps>
(epstopdf)                    date: 2022-04-19 18:34:20
(epstopdf)                    size: 15878 bytes
(epstopdf)             Output file: <images/barbados_imputation-eps-converted-t
o.pdf>
(epstopdf)                    date: 2022-04-19 18:33:24
(epstopdf)                    size: 6423 bytes
(epstopdf)             Command: <repstopdf --outfile=images/barbados_imputation
-eps-converted-to.pdf images/barbados_imputation.eps>
(epstopdf)             \includegraphics on input line 28.
runsystem(repstopdf --outfile=images/barbados_imputation-eps-converted-to.pdf i
mages/barbados_imputation.eps)...executed safely (allowed).

Package epstopdf Info: Result file: <images/barbados_imputation-eps-converted-t
o.pdf>
(epstopdf)                    date: 2022-04-19 18:34:42
(epstopdf)                    size: 6731 bytes.
<images/barbados_imputation-eps-converted-to.pdf, id=3, 505.89pt x 505.89pt>
File: images/barbados_imputation-eps-converted-to.pdf Graphic file (type pdf)
<use images/barbados_imputation-eps-converted-to.pdf>
Package pdftex.def Info: images/barbados_imputation-eps-converted-to.pdf  used 
on input line 28.
(pdftex.def)             Requested size: 145.11052pt x 145.11417pt.
Package epstopdf Info: Source file: <images/belize_imputation.eps>
(epstopdf)                    date: 2022-04-19 18:34:20
(epstopdf)                    size: 14846 bytes
(epstopdf)             Output file: <images/belize_imputation-eps-converted-to.
pdf>
(epstopdf)                    date: 2022-04-19 18:33:24
(epstopdf)                    size: 6410 bytes
(epstopdf)             Command: <repstopdf --outfile=images/belize_imputation-e
ps-converted-to.pdf images/belize_imputation.eps>
(epstopdf)             \includegraphics on input line 31.
runsystem(repstopdf --outfile=images/belize_imputation-eps-converted-to.pdf ima
ges/belize_imputation.eps)...executed safely (allowed).

Package epstopdf Info: Result file: <images/belize_imputation-eps-converted-to.
pdf>
(epstopdf)                    date: 2022-04-19 18:34:43
(epstopdf)                    size: 6629 bytes.
<images/belize_imputation-eps-converted-to.pdf, id=4, 505.89pt x 505.89pt>
File: images/belize_imputation-eps-converted-to.pdf Graphic file (type pdf)
<use images/belize_imputation-eps-converted-to.pdf>
Package pdftex.def Info: images/belize_imputation-eps-converted-to.pdf  used on
 input line 31.
(pdftex.def)             Requested size: 145.11052pt x 145.11417pt.
Package epstopdf Info: Source file: <images/brazil_imputation.eps>
(epstopdf)                    date: 2022-04-19 18:34:21
(epstopdf)                    size: 15752 bytes
(epstopdf)             Output file: <images/brazil_imputation-eps-converted-to.
pdf>
(epstopdf)                    date: 2022-04-19 18:33:24
(epstopdf)                    size: 6865 bytes
(epstopdf)             Command: <repstopdf --outfile=images/brazil_imputation-e
ps-converted-to.pdf images/brazil_imputation.eps>
(epstopdf)             \includegraphics on input line 35.
runsystem(repstopdf --outfile=images/brazil_imputation-eps-converted-to.pdf ima
ges/brazil_imputation.eps)...executed safely (allowed).

Package epstopdf Info: Result file: <images/brazil_imputation-eps-converted-to.
pdf>
(epstopdf)                    date: 2022-04-19 18:34:43
(epstopdf)                    size: 6705 bytes.
<images/brazil_imputation-eps-converted-to.pdf, id=5, 505.89pt x 505.89pt>
File: images/brazil_imputation-eps-converted-to.pdf Graphic file (type pdf)
<use images/brazil_imputation-eps-converted-to.pdf>
Package pdftex.def Info: images/brazil_imputation-eps-converted-to.pdf  used on
 input line 35.
(pdftex.def)             Requested size: 145.11052pt x 145.11417pt.
Package epstopdf Info: Source file: <images/chile_imputation.eps>
(epstopdf)                    date: 2022-04-19 18:34:21
(epstopdf)                    size: 15064 bytes
(epstopdf)             Output file: <images/chile_imputation-eps-converted-to.p
df>
(epstopdf)                    date: 2022-04-19 18:33:24
(epstopdf)                    size: 6606 bytes
(epstopdf)             Command: <repstopdf --outfile=images/chile_imputation-ep
s-converted-to.pdf images/chile_imputation.eps>
(epstopdf)             \includegraphics on input line 39.
runsystem(repstopdf --outfile=images/chile_imputation-eps-converted-to.pdf imag
es/chile_imputation.eps)...executed safely (allowed).

Package epstopdf Info: Result file: <images/chile_imputation-eps-converted-to.p
df>
(epstopdf)                    date: 2022-04-19 18:34:43
(epstopdf)                    size: 6648 bytes.
<images/chile_imputation-eps-converted-to.pdf, id=6, 505.89pt x 505.89pt>
File: images/chile_imputation-eps-converted-to.pdf Graphic file (type pdf)
<use images/chile_imputation-eps-converted-to.pdf>
Package pdftex.def Info: images/chile_imputation-eps-converted-to.pdf  used on 
input line 39.
(pdftex.def)             Requested size: 145.11052pt x 145.11417pt.

Underfull \hbox (badness 10000) in paragraph at lines 19--41

 []

Package epstopdf Info: Source file: <images/colombia_imputation.eps>
(epstopdf)                    date: 2022-04-19 18:34:21
(epstopdf)                    size: 14130 bytes
(epstopdf)             Output file: <images/colombia_imputation-eps-converted-t
o.pdf>
(epstopdf)                    date: 2022-04-19 18:33:24
(epstopdf)                    size: 6203 bytes
(epstopdf)             Command: <repstopdf --outfile=images/colombia_imputation
-eps-converted-to.pdf images/colombia_imputation.eps>
(epstopdf)             \includegraphics on input line 43.
runsystem(repstopdf --outfile=images/colombia_imputation-eps-converted-to.pdf i
mages/colombia_imputation.eps)...executed safely (allowed).

Package epstopdf Info: Result file: <images/colombia_imputation-eps-converted-t
o.pdf>
(epstopdf)                    date: 2022-04-19 18:34:43
(epstopdf)                    size: 6357 bytes.
<images/colombia_imputation-eps-converted-to.pdf, id=7, 505.89pt x 505.89pt>
File: images/colombia_imputation-eps-converted-to.pdf Graphic file (type pdf)
<use images/colombia_imputation-eps-converted-to.pdf>
Package pdftex.def Info: images/colombia_imputation-eps-converted-to.pdf  used 
on input line 43.
(pdftex.def)             Requested size: 145.11052pt x 145.11417pt.
Package epstopdf Info: Source file: <images/costa_rica_imputation.eps>
(epstopdf)                    date: 2022-04-19 18:34:21
(epstopdf)                    size: 14372 bytes
(epstopdf)             Output file: <images/costa_rica_imputation-eps-converted
-to.pdf>
(epstopdf)                    date: 2022-04-19 18:33:25
(epstopdf)                    size: 6409 bytes
(epstopdf)             Command: <repstopdf --outfile=images/costa_rica_imputati
on-eps-converted-to.pdf images/costa_rica_imputation.eps>
(epstopdf)             \includegraphics on input line 47.
runsystem(repstopdf --outfile=images/costa_rica_imputation-eps-converted-to.pdf
 images/costa_rica_imputation.eps)...executed safely (allowed).

Package epstopdf Info: Result file: <images/costa_rica_imputation-eps-converted
-to.pdf>
(epstopdf)                    date: 2022-04-19 18:34:43
(epstopdf)                    size: 6510 bytes.
<images/costa_rica_imputation-eps-converted-to.pdf, id=8, 505.89pt x 505.89pt>
File: images/costa_rica_imputation-eps-converted-to.pdf Graphic file (type pdf)

<use images/costa_rica_imputation-eps-converted-to.pdf>
Package pdftex.def Info: images/costa_rica_imputation-eps-converted-to.pdf  use
d on input line 47.
(pdftex.def)             Requested size: 145.11052pt x 145.11417pt.
Package epstopdf Info: Source file: <images/dominican_republic_imputation.eps>
(epstopdf)                    date: 2022-04-19 18:34:22
(epstopdf)                    size: 14863 bytes
(epstopdf)             Output file: <images/dominican_republic_imputation-eps-c
onverted-to.pdf>
(epstopdf)                    date: 2022-04-19 18:33:25
(epstopdf)                    size: 6681 bytes
(epstopdf)             Command: <repstopdf --outfile=images/dominican_republic_
imputation-eps-converted-to.pdf images/dominican_republic_imputation.eps>
(epstopdf)             \includegraphics on input line 51.
runsystem(repstopdf --outfile=images/dominican_republic_imputation-eps-converte
d-to.pdf images/dominican_republic_imputation.eps)...executed safely (allowed).

Package epstopdf Info: Result file: <images/dominican_republic_imputation-eps-c
onverted-to.pdf>
(epstopdf)                    date: 2022-04-19 18:34:44
(epstopdf)                    size: 6596 bytes.
<images/dominican_republic_imputation-eps-converted-to.pdf, id=9, 505.89pt x 50
5.89pt>
File: images/dominican_republic_imputation-eps-converted-to.pdf Graphic file (t
ype pdf)
<use images/dominican_republic_imputation-eps-converted-to.pdf>
Package pdftex.def Info: images/dominican_republic_imputation-eps-converted-to.
pdf  used on input line 51.
(pdftex.def)             Requested size: 145.11052pt x 145.11417pt.
Package epstopdf Info: Source file: <images/ecuador_imputation.eps>
(epstopdf)                    date: 2022-04-19 18:34:22
(epstopdf)                    size: 14699 bytes
(epstopdf)             Output file: <images/ecuador_imputation-eps-converted-to
.pdf>
(epstopdf)                    date: 2022-04-19 18:33:25
(epstopdf)                    size: 6469 bytes
(epstopdf)             Command: <repstopdf --outfile=images/ecuador_imputation-
eps-converted-to.pdf images/ecuador_imputation.eps>
(epstopdf)             \includegraphics on input line 54.
runsystem(repstopdf --outfile=images/ecuador_imputation-eps-converted-to.pdf im
ages/ecuador_imputation.eps)...executed safely (allowed).

Package epstopdf Info: Result file: <images/ecuador_imputation-eps-converted-to
.pdf>
(epstopdf)                    date: 2022-04-19 18:34:44
(epstopdf)                    size: 6584 bytes.
<images/ecuador_imputation-eps-converted-to.pdf, id=10, 505.89pt x 505.89pt>
File: images/ecuador_imputation-eps-converted-to.pdf Graphic file (type pdf)
<use images/ecuador_imputation-eps-converted-to.pdf>
Package pdftex.def Info: images/ecuador_imputation-eps-converted-to.pdf  used o
n input line 54.
(pdftex.def)             Requested size: 145.11052pt x 145.11417pt.
Package epstopdf Info: Source file: <images/el_salvador_imputation.eps>
(epstopdf)                    date: 2022-04-19 18:34:22
(epstopdf)                    size: 13721 bytes
(epstopdf)             Output file: <images/el_salvador_imputation-eps-converte
d-to.pdf>
(epstopdf)                    date: 2022-04-19 18:33:25
(epstopdf)                    size: 6247 bytes
(epstopdf)             Command: <repstopdf --outfile=images/el_salvador_imputat
ion-eps-converted-to.pdf images/el_salvador_imputation.eps>
(epstopdf)             \includegraphics on input line 58.
runsystem(repstopdf --outfile=images/el_salvador_imputation-eps-converted-to.pd
f images/el_salvador_imputation.eps)...executed safely (allowed).

Package epstopdf Info: Result file: <images/el_salvador_imputation-eps-converte
d-to.pdf>
(epstopdf)                    date: 2022-04-19 18:34:44
(epstopdf)                    size: 6290 bytes.
<images/el_salvador_imputation-eps-converted-to.pdf, id=11, 505.89pt x 505.89pt
>
File: images/el_salvador_imputation-eps-converted-to.pdf Graphic file (type pdf
)
<use images/el_salvador_imputation-eps-converted-to.pdf>
Package pdftex.def Info: images/el_salvador_imputation-eps-converted-to.pdf  us
ed on input line 58.
(pdftex.def)             Requested size: 145.11052pt x 145.11417pt.
Package epstopdf Info: Source file: <images/guatemala_imputation.eps>
(epstopdf)                    date: 2022-04-19 18:34:22
(epstopdf)                    size: 14872 bytes
(epstopdf)             Output file: <images/guatemala_imputation-eps-converted-
to.pdf>
(epstopdf)                    date: 2022-04-19 18:33:25
(epstopdf)                    size: 6411 bytes
(epstopdf)             Command: <repstopdf --outfile=images/guatemala_imputatio
n-eps-converted-to.pdf images/guatemala_imputation.eps>
(epstopdf)             \includegraphics on input line 62.
runsystem(repstopdf --outfile=images/guatemala_imputation-eps-converted-to.pdf 
images/guatemala_imputation.eps)...executed safely (allowed).

Package epstopdf Info: Result file: <images/guatemala_imputation-eps-converted-
to.pdf>
(epstopdf)                    date: 2022-04-19 18:34:44
(epstopdf)                    size: 6670 bytes.
<images/guatemala_imputation-eps-converted-to.pdf, id=12, 505.89pt x 505.89pt>
File: images/guatemala_imputation-eps-converted-to.pdf Graphic file (type pdf)
<use images/guatemala_imputation-eps-converted-to.pdf>
Package pdftex.def Info: images/guatemala_imputation-eps-converted-to.pdf  used
 on input line 62.
(pdftex.def)             Requested size: 145.11052pt x 145.11417pt.

Underfull \hbox (badness 10000) in paragraph at lines 42--64

 []

Package epstopdf Info: Source file: <images/guyana_imputation.eps>
(epstopdf)                    date: 2022-04-19 18:34:22
(epstopdf)                    size: 14357 bytes
(epstopdf)             Output file: <images/guyana_imputation-eps-converted-to.
pdf>
(epstopdf)                    date: 2022-04-19 18:33:26
(epstopdf)                    size: 6552 bytes
(epstopdf)             Command: <repstopdf --outfile=images/guyana_imputation-e
ps-converted-to.pdf images/guyana_imputation.eps>
(epstopdf)             \includegraphics on input line 66.
runsystem(repstopdf --outfile=images/guyana_imputation-eps-converted-to.pdf ima
ges/guyana_imputation.eps)...executed safely (allowed).

Package epstopdf Info: Result file: <images/guyana_imputation-eps-converted-to.
pdf>
(epstopdf)                    date: 2022-04-19 18:34:45
(epstopdf)                    size: 6527 bytes.
<images/guyana_imputation-eps-converted-to.pdf, id=13, 505.89pt x 505.89pt>
File: images/guyana_imputation-eps-converted-to.pdf Graphic file (type pdf)
<use images/guyana_imputation-eps-converted-to.pdf>
Package pdftex.def Info: images/guyana_imputation-eps-converted-to.pdf  used on
 input line 66.
(pdftex.def)             Requested size: 145.11052pt x 145.11417pt.
Package epstopdf Info: Source file: <images/haiti_imputation.eps>
(epstopdf)                    date: 2022-04-19 18:34:22
(epstopdf)                    size: 13967 bytes
(epstopdf)             Output file: <images/haiti_imputation-eps-converted-to.p
df>
(epstopdf)                    date: 2022-04-19 18:33:26
(epstopdf)                    size: 6242 bytes
(epstopdf)             Command: <repstopdf --outfile=images/haiti_imputation-ep
s-converted-to.pdf images/haiti_imputation.eps>
(epstopdf)             \includegraphics on input line 70.
runsystem(repstopdf --outfile=images/haiti_imputation-eps-converted-to.pdf imag
es/haiti_imputation.eps)...executed safely (allowed).

Package epstopdf Info: Result file: <images/haiti_imputation-eps-converted-to.p
df>
(epstopdf)                    date: 2022-04-19 18:34:45
(epstopdf)                    size: 6362 bytes.
<images/haiti_imputation-eps-converted-to.pdf, id=14, 505.89pt x 505.89pt>
File: images/haiti_imputation-eps-converted-to.pdf Graphic file (type pdf)
<use images/haiti_imputation-eps-converted-to.pdf>
Package pdftex.def Info: images/haiti_imputation-eps-converted-to.pdf  used on 
input line 70.
(pdftex.def)             Requested size: 145.11052pt x 145.11417pt.
Package epstopdf Info: Source file: <images/honduras_imputation.eps>
(epstopdf)                    date: 2022-04-19 18:34:23
(epstopdf)                    size: 14122 bytes
(epstopdf)             Output file: <images/honduras_imputation-eps-converted-t
o.pdf>
(epstopdf)                    date: 2022-04-19 18:33:26
(epstopdf)                    size: 6303 bytes
(epstopdf)             Command: <repstopdf --outfile=images/honduras_imputation
-eps-converted-to.pdf images/honduras_imputation.eps>
(epstopdf)             \includegraphics on input line 74.
runsystem(repstopdf --outfile=images/honduras_imputation-eps-converted-to.pdf i
mages/honduras_imputation.eps)...executed safely (allowed).

Package epstopdf Info: Result file: <images/honduras_imputation-eps-converted-t
o.pdf>
(epstopdf)                    date: 2022-04-19 18:34:45
(epstopdf)                    size: 6389 bytes.
<images/honduras_imputation-eps-converted-to.pdf, id=15, 505.89pt x 505.89pt>
File: images/honduras_imputation-eps-converted-to.pdf Graphic file (type pdf)
<use images/honduras_imputation-eps-converted-to.pdf>
Package pdftex.def Info: images/honduras_imputation-eps-converted-to.pdf  used 
on input line 74.
(pdftex.def)             Requested size: 145.11052pt x 145.11417pt.

LaTeX Warning: Float too large for page by 0.335pt on input line 76.

Package epstopdf Info: Source file: <images/mexico_imputation.eps>
(epstopdf)                    date: 2022-04-19 18:34:23
(epstopdf)                    size: 15342 bytes
(epstopdf)             Output file: <images/mexico_imputation-eps-converted-to.
pdf>
(epstopdf)                    date: 2022-04-19 18:33:26
(epstopdf)                    size: 6745 bytes
(epstopdf)             Command: <repstopdf --outfile=images/mexico_imputation-e
ps-converted-to.pdf images/mexico_imputation.eps>
(epstopdf)             \includegraphics on input line 82.
runsystem(repstopdf --outfile=images/mexico_imputation-eps-converted-to.pdf ima
ges/mexico_imputation.eps)...executed safely (allowed).

Package epstopdf Info: Result file: <images/mexico_imputation-eps-converted-to.
pdf>
(epstopdf)                    date: 2022-04-19 18:34:45
(epstopdf)                    size: 6615 bytes.
<images/mexico_imputation-eps-converted-to.pdf, id=16, 505.89pt x 505.89pt>
File: images/mexico_imputation-eps-converted-to.pdf Graphic file (type pdf)
<use images/mexico_imputation-eps-converted-to.pdf>
Package pdftex.def Info: images/mexico_imputation-eps-converted-to.pdf  used on
 input line 82.
(pdftex.def)             Requested size: 145.11052pt x 145.11417pt.
Package epstopdf Info: Source file: <images/jamaica_imputation.eps>
(epstopdf)                    date: 2022-04-19 18:34:23
(epstopdf)                    size: 15243 bytes
(epstopdf)             Output file: <images/jamaica_imputation-eps-converted-to
.pdf>
(epstopdf)                    date: 2022-04-19 18:33:27
(epstopdf)                    size: 6791 bytes
(epstopdf)             Command: <repstopdf --outfile=images/jamaica_imputation-
eps-converted-to.pdf images/jamaica_imputation.eps>
(epstopdf)             \includegraphics on input line 86.
runsystem(repstopdf --outfile=images/jamaica_imputation-eps-converted-to.pdf im
ages/jamaica_imputation.eps)...executed safely (allowed).

Package epstopdf Info: Result file: <images/jamaica_imputation-eps-converted-to
.pdf>
(epstopdf)                    date: 2022-04-19 18:34:45
(epstopdf)                    size: 6635 bytes.
<images/jamaica_imputation-eps-converted-to.pdf, id=17, 505.89pt x 505.89pt>
File: images/jamaica_imputation-eps-converted-to.pdf Graphic file (type pdf)
<use images/jamaica_imputation-eps-converted-to.pdf>
Package pdftex.def Info: images/jamaica_imputation-eps-converted-to.pdf  used o
n input line 86.
(pdftex.def)             Requested size: 145.11052pt x 145.11417pt.
Package epstopdf Info: Source file: <images/nicaragua_imputation.eps>
(epstopdf)                    date: 2022-04-19 18:34:23
(epstopdf)                    size: 15025 bytes
(epstopdf)             Output file: <images/nicaragua_imputation-eps-converted-
to.pdf>
(epstopdf)                    date: 2022-04-19 18:33:27
(epstopdf)                    size: 6500 bytes
(epstopdf)             Command: <repstopdf --outfile=images/nicaragua_imputatio
n-eps-converted-to.pdf images/nicaragua_imputation.eps>
(epstopdf)             \includegraphics on input line 90.
runsystem(repstopdf --outfile=images/nicaragua_imputation-eps-converted-to.pdf 
images/nicaragua_imputation.eps)...executed safely (allowed).

Package epstopdf Info: Result file: <images/nicaragua_imputation-eps-converted-
to.pdf>
(epstopdf)                    date: 2022-04-19 18:34:46
(epstopdf)                    size: 6552 bytes.
<images/nicaragua_imputation-eps-converted-to.pdf, id=18, 505.89pt x 505.89pt>
File: images/nicaragua_imputation-eps-converted-to.pdf Graphic file (type pdf)
<use images/nicaragua_imputation-eps-converted-to.pdf>
Package pdftex.def Info: images/nicaragua_imputation-eps-converted-to.pdf  used
 on input line 90.
(pdftex.def)             Requested size: 145.11052pt x 145.11417pt.

Underfull \hbox (badness 10000) in paragraph at lines 81--92

 []

Package epstopdf Info: Source file: <images/panama_imputation.eps>
(epstopdf)                    date: 2022-04-19 18:34:23
(epstopdf)                    size: 14693 bytes
(epstopdf)             Output file: <images/panama_imputation-eps-converted-to.
pdf>
(epstopdf)                    date: 2022-04-19 18:33:27
(epstopdf)                    size: 6076 bytes
(epstopdf)             Command: <repstopdf --outfile=images/panama_imputation-e
ps-converted-to.pdf images/panama_imputation.eps>
(epstopdf)             \includegraphics on input line 94.
runsystem(repstopdf --outfile=images/panama_imputation-eps-converted-to.pdf ima
ges/panama_imputation.eps)...executed safely (allowed).

Package epstopdf Info: Result file: <images/panama_imputation-eps-converted-to.
pdf>
(epstopdf)                    date: 2022-04-19 18:34:46
(epstopdf)                    size: 6533 bytes.
<images/panama_imputation-eps-converted-to.pdf, id=19, 505.89pt x 505.89pt>
File: images/panama_imputation-eps-converted-to.pdf Graphic file (type pdf)
<use images/panama_imputation-eps-converted-to.pdf>
Package pdftex.def Info: images/panama_imputation-eps-converted-to.pdf  used on
 input line 94.
(pdftex.def)             Requested size: 145.11052pt x 145.11417pt.
Package epstopdf Info: Source file: <images/paraguay_imputation.eps>
(epstopdf)                    date: 2022-04-19 18:34:24
(epstopdf)                    size: 14424 bytes
(epstopdf)             Output file: <images/paraguay_imputation-eps-converted-t
o.pdf>
(epstopdf)                    date: 2022-04-19 18:33:27
(epstopdf)                    size: 6604 bytes
(epstopdf)             Command: <repstopdf --outfile=images/paraguay_imputation
-eps-converted-to.pdf images/paraguay_imputation.eps>
(epstopdf)             \includegraphics on input line 98.
runsystem(repstopdf --outfile=images/paraguay_imputation-eps-converted-to.pdf i
mages/paraguay_imputation.eps)...executed safely (allowed).

Package epstopdf Info: Result file: <images/paraguay_imputation-eps-converted-t
o.pdf>
(epstopdf)                    date: 2022-04-19 18:34:46
(epstopdf)                    size: 6530 bytes.
<images/paraguay_imputation-eps-converted-to.pdf, id=20, 505.89pt x 505.89pt>
File: images/paraguay_imputation-eps-converted-to.pdf Graphic file (type pdf)
<use images/paraguay_imputation-eps-converted-to.pdf>
Package pdftex.def Info: images/paraguay_imputation-eps-converted-to.pdf  used 
on input line 98.
(pdftex.def)             Requested size: 145.11052pt x 145.11417pt.
Package epstopdf Info: Source file: <images/peru_imputation.eps>
(epstopdf)                    date: 2022-04-19 18:34:24
(epstopdf)                    size: 14658 bytes
(epstopdf)             Output file: <images/peru_imputation-eps-converted-to.pd
f>
(epstopdf)                    date: 2022-04-19 18:33:27
(epstopdf)                    size: 6563 bytes
(epstopdf)             Command: <repstopdf --outfile=images/peru_imputation-eps
-converted-to.pdf images/peru_imputation.eps>
(epstopdf)             \includegraphics on input line 102.
runsystem(repstopdf --outfile=images/peru_imputation-eps-converted-to.pdf image
s/peru_imputation.eps)...executed safely (allowed).

Package epstopdf Info: Result file: <images/peru_imputation-eps-converted-to.pd
f>
(epstopdf)                    date: 2022-04-19 18:34:46
(epstopdf)                    size: 6500 bytes.
<images/peru_imputation-eps-converted-to.pdf, id=21, 505.89pt x 505.89pt>
File: images/peru_imputation-eps-converted-to.pdf Graphic file (type pdf)
<use images/peru_imputation-eps-converted-to.pdf>
Package pdftex.def Info: images/peru_imputation-eps-converted-to.pdf  used on i
nput line 102.
(pdftex.def)             Requested size: 145.11052pt x 145.11417pt.
Package epstopdf Info: Source file: <images/uruguay_imputation.eps>
(epstopdf)                    date: 2022-04-19 18:34:24
(epstopdf)                    size: 15419 bytes
(epstopdf)             Output file: <images/uruguay_imputation-eps-converted-to
.pdf>
(epstopdf)                    date: 2022-04-19 18:33:28
(epstopdf)                    size: 6740 bytes
(epstopdf)             Command: <repstopdf --outfile=images/uruguay_imputation-
eps-converted-to.pdf images/uruguay_imputation.eps>
(epstopdf)             \includegraphics on input line 105.
runsystem(repstopdf --outfile=images/uruguay_imputation-eps-converted-to.pdf im
ages/uruguay_imputation.eps)...executed safely (allowed).

Package epstopdf Info: Result file: <images/uruguay_imputation-eps-converted-to
.pdf>
(epstopdf)                    date: 2022-04-19 18:34:47
(epstopdf)                    size: 6734 bytes.
<images/uruguay_imputation-eps-converted-to.pdf, id=22, 505.89pt x 505.89pt>
File: images/uruguay_imputation-eps-converted-to.pdf Graphic file (type pdf)
<use images/uruguay_imputation-eps-converted-to.pdf>
Package pdftex.def Info: images/uruguay_imputation-eps-converted-to.pdf  used o
n input line 105.
(pdftex.def)             Requested size: 145.11052pt x 145.11417pt.
[1{/var/lib/texmf/fonts/map/pdftex/updmap/pdftex.map} <./images/argentina_imput
ation-eps-converted-to.pdf> <./images/bahamas_imputation-eps-converted-to.pdf> 
<./images/barbados_imputation-eps-converted-to.pdf> <./images/belize_imputation
-eps-converted-to.pdf> <./images/brazil_imputation-eps-converted-to.pdf> <./ima
ges/chile_imputation-eps-converted-to.pdf> <./images/colombia_imputation-eps-co
nverted-to.pdf> <./images/costa_rica_imputation-eps-converted-to.pdf> <./images
/dominican_republic_imputation-eps-converted-to.pdf> <./images/ecuador_imputati
on-eps-converted-to.pdf> <./images/el_salvador_imputation-eps-converted-to.pdf>
 <./images/guatemala_imputation-eps-converted-to.pdf> <./images/guyana_imputati
on-eps-converted-to.pdf> <./images/haiti_imputation-eps-converted-to.pdf> <./im
ages/honduras_imputation-eps-converted-to.pdf>] [2 <./images/mexico_imputation-
eps-converted-to.pdf> <./images/jamaica_imputation-eps-converted-to.pdf> <./ima
ges/nicaragua_imputation-eps-converted-to.pdf> <./images/panama_imputation-eps-
converted-to.pdf> <./images/paraguay_imputation-eps-converted-to.pdf> <./images
/peru_imputation-eps-converted-to.pdf> <./images/uruguay_imputation-eps-convert
ed-to.pdf>] (./visualiza.aux) ) 
Here is how much of TeX's memory you used:
 3520 strings out of 483080
 67338 string characters out of 5963339
 459125 words of memory out of 5000000
 18540 multiletter control sequences out of 15000+600000
 532338 words of font info for 24 fonts, out of 8000000 for 9000
 62 hyphenation exceptions out of 8191
 48i,7n,46p,279b,353s stack positions out of 5000i,500n,10000p,200000b,80000s
</usr/share/texlive/texmf-dist/fonts/type1/publi
c/amsfonts/cm/cmr10.pfb>
Output written on visualiza.pdf (2 pages, 87390 bytes).
PDF statistics:
 147 PDF objects out of 1000 (max. 8388607)
 97 compressed objects within 1 object stream
 0 named destinations out of 1000 (max. 500000)
 111 words of extra memory for PDF output out of 10000 (max. 10000000)

